# JRE version: Java(TM) SE Runtime Environment (8.0_333-b02) (build 1.8.0_333-b02)
# Java VM: Java HotSpot(TM) Client VM (25.333-b02 mixed mode windows-x86 )
Heap:
 def new generation   total 184576K, used 184575K [0x04800000, 0x11040000, 0x19d50000)
  eden space 164096K, 100% used [0x04800000, 0x0e840000, 0x0e840000)
  from space 20480K,  99% used [0x0e840000, 0x0fc3fff8, 0x0fc40000)
  to   space 20480K,  86% used [0x0fc40000, 0x10d84898, 0x11040000)
 tenured generation   total 409868K, used 268291K [0x19d50000, 0x32d93000, 0x44800000)
   the space 409868K,  65% used [0x19d50000, 0x2a350f20, 0x2a351000, 0x32d93000)
 Metaspace       used 141456K, capacity 149581K, committed 149632K, reserved 149888K
GC Heap History (10 events):
Event: 167799.431 GC heap after
Heap after GC invocations=671 (full 16):
 def new generation   total 184576K, used 20480K [0x04800000, 0x11040000, 0x19d50000)
  eden space 164096K,   0% used [0x04800000, 0x04800000, 0x0e840000)
  from space 20480K, 100% used [0x0e840000, 0x0fc40000, 0x0fc40000)
  to   space 20480K,   0% used [0x0fc40000, 0x0fc40000, 0x11040000)
 tenured generation   total 409868K, used 375354K [0x19d50000, 0x32d93000, 0x44800000)
   the space 409868K,  91% used [0x19d50000, 0x30bde950, 0x30bdea00, 0x32d93000)
 Metaspace       used 141455K, capacity 149586K, committed 149632K, reserved 149888K
}
Event: 168464.370 GC heap before
{Heap before GC invocations=671 (full 16):
 def new generation   total 184576K, used 184576K [0x04800000, 0x11040000, 0x19d50000)
  eden space 164096K, 100% used [0x04800000, 0x0e840000, 0x0e840000)
  from space 20480K, 100% used [0x0e840000, 0x0fc40000, 0x0fc40000)
  to   space 20480K,   0% used [0x0fc40000, 0x0fc40000, 0x11040000)
 tenured generation   total 409868K, used 375354K [0x19d50000, 0x32d93000, 0x44800000)
   the space 409868K,  91% used [0x19d50000, 0x30bde950, 0x30bdea00, 0x32d93000)
 Metaspace       used 141455K, capacity 149586K, committed 149632K, reserved 149888K
Event: 168464.479 GC heap after
Heap after GC invocations=672 (full 16):
 def new generation   total 184576K, used 13182K [0x04800000, 0x11040000, 0x19d50000)
  eden space 164096K,   0% used [0x04800000, 0x04800000, 0x0e840000)
  from space 20480K,  64% used [0x0fc40000, 0x1091f9b8, 0x11040000)
  to   space 20480K,   0% used [0x0e840000, 0x0e840000, 0x0fc40000)
 tenured generation   total 409868K, used 383706K [0x19d50000, 0x32d93000, 0x44800000)
   the space 409868K,  93% used [0x19d50000, 0x31406b40, 0x31406c00, 0x32d93000)
 Metaspace       used 141455K, capacity 149586K, committed 149632K, reserved 149888K
}
Event: 168506.892 GC heap before
{Heap before GC invocations=672 (full 16):
 def new generation   total 184576K, used 177278K [0x04800000, 0x11040000, 0x19d50000)
  eden space 164096K, 100% used [0x04800000, 0x0e840000, 0x0e840000)
  from space 20480K,  64% used [0x0fc40000, 0x1091f9b8, 0x11040000)
  to   space 20480K,   0% used [0x0e840000, 0x0e840000, 0x0fc40000)
 tenured generation   total 409868K, used 383706K [0x19d50000, 0x32d93000, 0x44800000)
   the space 409868K,  93% used [0x19d50000, 0x31406b40, 0x31406c00, 0x32d93000)
 Metaspace       used 141457K, capacity 149588K, committed 149632K, reserved 149888K
Event: 168507.042 GC heap after
Heap after GC invocations=673 (full 16):
 def new generation   total 184576K, used 20480K [0x04800000, 0x11040000, 0x19d50000)
  eden space 164096K,   0% used [0x04800000, 0x04800000, 0x0e840000)
  from space 20480K, 100% used [0x0e840000, 0x0fc40000, 0x0fc40000)
  to   space 20480K,   0% used [0x0fc40000, 0x0fc40000, 0x11040000)
 tenured generation   total 409868K, used 397483K [0x19d50000, 0x32d93000, 0x44800000)
   the space 409868K,  96% used [0x19d50000, 0x3217ae88, 0x3217b000, 0x32d93000)
 Metaspace       used 141457K, capacity 149588K, committed 149632K, reserved 149888K
}
Event: 169087.322 GC heap before
{Heap before GC invocations=673 (full 16):
 def new generation   total 184576K, used 184576K [0x04800000, 0x11040000, 0x19d50000)
  eden space 164096K, 100% used [0x04800000, 0x0e840000, 0x0e840000)
  from space 20480K, 100% used [0x0e840000, 0x0fc40000, 0x0fc40000)
  to   space 20480K,   0% used [0x0fc40000, 0x0fc40000, 0x11040000)
 tenured generation   total 409868K, used 397483K [0x19d50000, 0x32d93000, 0x44800000)
   the space 409868K,  96% used [0x19d50000, 0x3217ae88, 0x3217b000, 0x32d93000)
 Metaspace       used 141457K, capacity 149588K, committed 149632K, reserved 149888K
Event: 169089.466 GC heap after
Heap after GC invocations=674 (full 17):
 def new generation   total 184576K, used 0K [0x04800000, 0x11040000, 0x19d50000)
  eden space 164096K,   0% used [0x04800000, 0x04800000, 0x0e840000)
  from space 20480K,   0% used [0x0fc40000, 0x0fc40000, 0x11040000)
  to   space 20480K,   0% used [0x0e840000, 0x0e840000, 0x0fc40000)
 tenured generation   total 409868K, used 243362K [0x19d50000, 0x32d93000, 0x44800000)
   the space 409868K,  59% used [0x19d50000, 0x28af89e8, 0x28af8a00, 0x32d93000)
 Metaspace       used 141444K, capacity 149563K, committed 149632K, reserved 149888K
}
Event: 169281.495 GC heap before
{Heap before GC invocations=674 (full 17):
 def new generation   total 184576K, used 164096K [0x04800000, 0x11040000, 0x19d50000)
  eden space 164096K, 100% used [0x04800000, 0x0e840000, 0x0e840000)
  from space 20480K,   0% used [0x0fc40000, 0x0fc40000, 0x11040000)
  to   space 20480K,   0% used [0x0e840000, 0x0e840000, 0x0fc40000)
 tenured generation   total 409868K, used 243362K [0x19d50000, 0x32d93000, 0x44800000)
   the space 409868K,  59% used [0x19d50000, 0x28af89e8, 0x28af8a00, 0x32d93000)
 Metaspace       used 141452K, capacity 149576K, committed 149632K, reserved 149888K
Event: 169281.573 GC heap after
Heap after GC invocations=675 (full 17):
 def new generation   total 184576K, used 20479K [0x04800000, 0x11040000, 0x19d50000)
  eden space 164096K,   0% used [0x04800000, 0x04800000, 0x0e840000)
  from space 20480K,  99% used [0x0e840000, 0x0fc3fff8, 0x0fc40000)
  to   space 20480K,   0% used [0x0fc40000, 0x0fc40000, 0x11040000)
 tenured generation   total 409868K, used 253372K [0x19d50000, 0x32d93000, 0x44800000)
   the space 409868K,  61% used [0x19d50000, 0x294bf1c8, 0x294bf200, 0x32d93000)
 Metaspace       used 141452K, capacity 149576K, committed 149632K, reserved 149888K
}
Event: 169535.356 GC heap before
{Heap before GC invocations=675 (full 17):
 def new generation   total 184576K, used 184575K [0x04800000, 0x11040000, 0x19d50000)
  eden space 164096K, 100% used [0x04800000, 0x0e840000, 0x0e840000)
  from space 20480K,  99% used [0x0e840000, 0x0fc3fff8, 0x0fc40000)
  to   space 20480K,   0% used [0x0fc40000, 0x0fc40000, 0x11040000)
 tenured generation   total 409868K, used 253372K [0x19d50000, 0x32d93000, 0x44800000)
   the space 409868K,  61% used [0x19d50000, 0x294bf1c8, 0x294bf200, 0x32d93000)
 Metaspace       used 141456K, capacity 149581K, committed 149632K, reserved 149888K

